00:00:00.461229 VirtualBox GUI VM Selector Window 7.0.20_Debian r163906 linux.amd64 (Jul 16 2024 15:48:29) release log
00:00:00.461232 Log opened 2024-10-17T04:35:41.972896000Z
00:00:00.461233 Build Type: release
00:00:00.461239 OS Product: Linux
00:00:00.461240 OS Release: 6.10.11-amd64
00:00:00.461241 OS Version: #1 SMP PREEMPT_DYNAMIC Kali 6.10.11-1kali1 (2024-09-26)
00:00:00.461275 DMI Product Name: System Product Name
00:00:00.461285 DMI Product Version: System Version
00:00:00.461294 Firmware type: UEFI
00:00:00.461534 Secure Boot: Disabled
00:00:00.461590 Host RAM: 31845MB (31.0GB) total, 29716MB (29.0GB) available
00:00:00.461596 Executable: /usr/lib/virtualbox/VirtualBox
00:00:00.461597 Process ID: 189353
00:00:00.461597 Package type: LINUX_64BITS_GENERIC (OSE)
00:00:00.461630 Qt version: 5.15.13
00:00:00.463016 GUI: UIMediumEnumerator: Initial medium-enumeration finished!
00:00:00.531342 GUI: UIMediumEnumerator: Medium-enumeration started...
00:00:00.531380 GUI: UIMediumEnumerator: Medium-enumeration finished!
00:00:00.843032 GUI: UIDesktopWidgetWatchdog::sltHandleHostScreenAvailableGeometryCalculated: Screen 0 work area is actually resized to: 0x35 x 2560x1405
00:00:00.849415 GUI: UIDesktopWidgetWatchdog::sltHandleHostScreenAvailableGeometryCalculated: Screen 1 work area is actually resized to: 2560x0 x 2560x1440
00:00:13.434164 GUI: UIMediumEnumerator: Medium-enumeration finished!
00:00:17.870061 GUI: UIMediumEnumerator: Medium-enumeration finished!
00:00:24.043925 GUI: UIMediumEnumerator: Medium-enumeration finished!
00:00:27.610388 GUI: UIMediumEnumerator: Medium-enumeration finished!
