00:00:00.000902 main     VirtualBox XPCOM Server 7.0.20_Debian r163906 linux.amd64 (Jul 16 2024 15:48:29) release log
00:00:00.000904 main     Log opened 2024-10-17T04:35:41.787351000Z
00:00:00.000905 main     Build Type: release
00:00:00.000906 main     OS Product: Linux
00:00:00.000907 main     OS Release: 6.10.11-amd64
00:00:00.000907 main     OS Version: #1 SMP PREEMPT_DYNAMIC Kali 6.10.11-1kali1 (2024-09-26)
00:00:00.000922 main     DMI Product Name: System Product Name
00:00:00.000925 main     DMI Product Version: System Version
00:00:00.000929 main     Firmware type: UEFI
00:00:00.001090 main     Secure Boot: Disabled
00:00:00.001112 main     Host RAM: 31845MB (31.0GB) total, 29722MB (29.0GB) available
00:00:00.001114 main     Executable: /usr/lib/virtualbox/VBoxSVC
00:00:00.001114 main     Process ID: 189590
00:00:00.001114 main     Package type: LINUX_64BITS_GENERIC (OSE)
00:00:00.002111 main     IPC socket path: /tmp/.vbox-linh-ipc/ipcd
00:00:00.107528 nspr-2   VirtualBox: object creation starts
00:00:00.109010 nspr-2   Home directory: '/home/linh/.config/VirtualBox'
00:00:00.109697 nspr-2   Loading settings file "/home/linh/.config/VirtualBox/VirtualBox.xml" with version "1.12-linux"
00:00:00.113210 nspr-2   HostDnsMonitor: initializing
00:00:00.113486 nspr-2   NAT: resolv.conf: nameserver 10.30.3.38
00:00:00.113510 nspr-2   NAT: resolv.conf: nameserver 10.30.3.39
00:00:00.113581 nspr-2   HostDnsMonitor: updating information
00:00:00.113631 nspr-2   HostDnsMonitor: old information
00:00:00.113635 nspr-2     no server entries
00:00:00.113639 nspr-2     no domain set
00:00:00.113642 nspr-2     no search string entries
00:00:00.113645 nspr-2   HostDnsMonitor: new information
00:00:00.113647 nspr-2     server 1: 10.30.3.38
00:00:00.113651 nspr-2     server 2: 10.30.3.39
00:00:00.113655 nspr-2     no domain set
00:00:00.113657 nspr-2     no search string entries
00:00:00.119717 nspr-2   VD: VDInit finished with VINF_SUCCESS
00:00:00.120540 nspr-2   ERROR [COM]: aRC=NS_ERROR_FAILURE (0x80004005) aIID={aac6c7cb-a371-4c58-ab51-0616896b2f2c} aComponent={SystemPropertiesWrap} aText={Cannot determine default Guest Additions ISO location. Most likely they are not available}, preserve=false aResultDetail=0
00:00:00.128924 nspr-2   ERROR [COM]: aRC=NS_ERROR_FAILURE (0x80004005) aIID={300763af-5d6b-46e6-aa96-273eac15538a} aComponent={MachineWrap} aText={Runtime error opening '/home/linh/VirtualBox VMs/Hortonworks Sandbox HDP 2.6.5/Hortonworks Sandbox HDP 2.6.5.vbox' for reading VERR_FILE_NOT_FOUND (File not found.).
00:00:00.128938 nspr-2   /build/reproducible-path/virtualbox-7.0.20-dfsg/src/VBox/Main/src-server/MachineImpl.cpp[1011] (nsresult Machine::i_registeredInit())}, preserve=false aResultDetail=0
00:00:00.130274 nspr-2   VirtualBox: object created
00:00:00.520155 nspr-4   ERROR [COM]: aRC=NS_ERROR_FAILURE (0x80004005) aIID={300763af-5d6b-46e6-aa96-273eac15538a} aComponent={MachineWrap} aText={Runtime error opening '/home/linh/VirtualBox VMs/Hortonworks Sandbox HDP 2.6.5/Hortonworks Sandbox HDP 2.6.5.vbox' for reading VERR_FILE_NOT_FOUND (File not found.).
00:00:00.520159 nspr-4   /build/reproducible-path/virtualbox-7.0.20-dfsg/src/VBox/Main/src-server/MachineImpl.cpp[1011] (nsresult Machine::i_registeredInit())}, preserve=false aResultDetail=0
00:00:00.520313 nspr-4   ERROR [COM]: aRC=NS_ERROR_FAILURE (0x80004005) aIID={300763af-5d6b-46e6-aa96-273eac15538a} aComponent={MachineWrap} aText={Runtime error opening '/home/linh/VirtualBox VMs/Hortonworks Sandbox HDP 2.6.5/Hortonworks Sandbox HDP 2.6.5.vbox' for reading VERR_FILE_NOT_FOUND (File not found.).
00:00:00.520315 nspr-4   /build/reproducible-path/virtualbox-7.0.20-dfsg/src/VBox/Main/src-server/MachineImpl.cpp[1011] (nsresult Machine::i_registeredInit())}, preserve=false aResultDetail=0
00:00:00.520538 nspr-4   ERROR [COM]: aRC=NS_ERROR_FAILURE (0x80004005) aIID={300763af-5d6b-46e6-aa96-273eac15538a} aComponent={MachineWrap} aText={Runtime error opening '/home/linh/VirtualBox VMs/Hortonworks Sandbox HDP 2.6.5/Hortonworks Sandbox HDP 2.6.5.vbox' for reading VERR_FILE_NOT_FOUND (File not found.).
00:00:00.520539 nspr-4   /build/reproducible-path/virtualbox-7.0.20-dfsg/src/VBox/Main/src-server/MachineImpl.cpp[1011] (nsresult Machine::i_registeredInit())}, preserve=false aResultDetail=0
00:00:00.589607 nspr-4   ERROR [COM]: aRC=E_ACCESSDENIED (0x80070005) aIID={300763af-5d6b-46e6-aa96-273eac15538a} aComponent={MachineWrap} aText={The object functionality is limited}, preserve=false aResultDetail=0
00:00:00.589949 nspr-4   WARNING [COM]: aRC=NS_ERROR_FAILURE (0x80004005) aIID={e54f6256-97a7-4947-8a78-10c013ddf4b8} aComponent={HostWrap} aText={VirtualBox is not currently allowed to access USB devices.  You can change this by adding your user to the 'vboxusers' group.  Please see the user manual for a more detailed explanation}, preserve=false aResultDetail=0
00:00:00.605107 nspr-4   ERROR [COM]: aRC=NS_ERROR_FAILURE (0x80004005) aIID={300763af-5d6b-46e6-aa96-273eac15538a} aComponent={MachineWrap} aText={Runtime error opening '/home/linh/VirtualBox VMs/Hortonworks Sandbox HDP 2.6.5/Hortonworks Sandbox HDP 2.6.5.vbox' for reading VERR_FILE_NOT_FOUND (File not found.).
00:00:00.605111 nspr-4   /build/reproducible-path/virtualbox-7.0.20-dfsg/src/VBox/Main/src-server/MachineImpl.cpp[1011] (nsresult Machine::i_registeredInit())}, preserve=false aResultDetail=0
00:00:00.611067 nspr-4   ERROR [COM]: aRC=NS_ERROR_FAILURE (0x80004005) aIID={300763af-5d6b-46e6-aa96-273eac15538a} aComponent={MachineWrap} aText={Runtime error opening '/home/linh/VirtualBox VMs/Hortonworks Sandbox HDP 2.6.5/Hortonworks Sandbox HDP 2.6.5.vbox' for reading VERR_FILE_NOT_FOUND (File not found.).
00:00:00.611070 nspr-4   /build/reproducible-path/virtualbox-7.0.20-dfsg/src/VBox/Main/src-server/MachineImpl.cpp[1011] (nsresult Machine::i_registeredInit())}, preserve=false aResultDetail=0
00:00:00.652984 nspr-4   ERROR [COM]: aRC=NS_ERROR_FAILURE (0x80004005) aIID={300763af-5d6b-46e6-aa96-273eac15538a} aComponent={MachineWrap} aText={Runtime error opening '/home/linh/VirtualBox VMs/Hortonworks Sandbox HDP 2.6.5/Hortonworks Sandbox HDP 2.6.5.vbox' for reading VERR_FILE_NOT_FOUND (File not found.).
00:00:00.652988 nspr-4   /build/reproducible-path/virtualbox-7.0.20-dfsg/src/VBox/Main/src-server/MachineImpl.cpp[1011] (nsresult Machine::i_registeredInit())}, preserve=false aResultDetail=0
00:00:00.653081 nspr-4   ERROR [COM]: aRC=E_ACCESSDENIED (0x80070005) aIID={300763af-5d6b-46e6-aa96-273eac15538a} aComponent={MachineWrap} aText={The object functionality is limited}, preserve=false aResultDetail=0
00:00:00.653338 nspr-4   ERROR [COM]: aRC=E_ACCESSDENIED (0x80070005) aIID={300763af-5d6b-46e6-aa96-273eac15538a} aComponent={MachineWrap} aText={The object functionality is limited}, preserve=false aResultDetail=0
00:00:00.653788 nspr-4   ERROR [COM]: aRC=E_ACCESSDENIED (0x80070005) aIID={300763af-5d6b-46e6-aa96-273eac15538a} aComponent={MachineWrap} aText={The object functionality is limited}, preserve=false aResultDetail=0
00:00:00.654019 nspr-4   ERROR [COM]: aRC=E_ACCESSDENIED (0x80070005) aIID={300763af-5d6b-46e6-aa96-273eac15538a} aComponent={MachineWrap} aText={The object functionality is limited}, preserve=false aResultDetail=0
00:00:00.654954 nspr-4   ERROR [COM]: aRC=NS_ERROR_FAILURE (0x80004005) aIID={300763af-5d6b-46e6-aa96-273eac15538a} aComponent={MachineWrap} aText={Runtime error opening '/home/linh/VirtualBox VMs/Hortonworks Sandbox HDP 2.6.5/Hortonworks Sandbox HDP 2.6.5.vbox' for reading VERR_FILE_NOT_FOUND (File not found.).
00:00:00.654955 nspr-4   /build/reproducible-path/virtualbox-7.0.20-dfsg/src/VBox/Main/src-server/MachineImpl.cpp[1011] (nsresult Machine::i_registeredInit())}, preserve=false aResultDetail=0
00:00:00.655647 nspr-4   ERROR [COM]: aRC=NS_ERROR_FAILURE (0x80004005) aIID={300763af-5d6b-46e6-aa96-273eac15538a} aComponent={MachineWrap} aText={Runtime error opening '/home/linh/VirtualBox VMs/Hortonworks Sandbox HDP 2.6.5/Hortonworks Sandbox HDP 2.6.5.vbox' for reading VERR_FILE_NOT_FOUND (File not found.).
00:00:00.655648 nspr-4   /build/reproducible-path/virtualbox-7.0.20-dfsg/src/VBox/Main/src-server/MachineImpl.cpp[1011] (nsresult Machine::i_registeredInit())}, preserve=false aResultDetail=0
00:00:00.656311 nspr-4   ERROR [COM]: aRC=NS_ERROR_FAILURE (0x80004005) aIID={300763af-5d6b-46e6-aa96-273eac15538a} aComponent={MachineWrap} aText={Runtime error opening '/home/linh/VirtualBox VMs/Hortonworks Sandbox HDP 2.6.5/Hortonworks Sandbox HDP 2.6.5.vbox' for reading VERR_FILE_NOT_FOUND (File not found.).
00:00:00.656312 nspr-4   /build/reproducible-path/virtualbox-7.0.20-dfsg/src/VBox/Main/src-server/MachineImpl.cpp[1011] (nsresult Machine::i_registeredInit())}, preserve=false aResultDetail=0
00:00:00.656870 nspr-4   ERROR [COM]: aRC=NS_ERROR_FAILURE (0x80004005) aIID={300763af-5d6b-46e6-aa96-273eac15538a} aComponent={MachineWrap} aText={Runtime error opening '/home/linh/VirtualBox VMs/Hortonworks Sandbox HDP 2.6.5/Hortonworks Sandbox HDP 2.6.5.vbox' for reading VERR_FILE_NOT_FOUND (File not found.).
00:00:00.656871 nspr-4   /build/reproducible-path/virtualbox-7.0.20-dfsg/src/VBox/Main/src-server/MachineImpl.cpp[1011] (nsresult Machine::i_registeredInit())}, preserve=false aResultDetail=0
00:00:00.658460 nspr-4   ERROR [COM]: aRC=NS_ERROR_FAILURE (0x80004005) aIID={300763af-5d6b-46e6-aa96-273eac15538a} aComponent={MachineWrap} aText={Runtime error opening '/home/linh/VirtualBox VMs/Hortonworks Sandbox HDP 2.6.5/Hortonworks Sandbox HDP 2.6.5.vbox' for reading VERR_FILE_NOT_FOUND (File not found.).
00:00:00.658461 nspr-4   /build/reproducible-path/virtualbox-7.0.20-dfsg/src/VBox/Main/src-server/MachineImpl.cpp[1011] (nsresult Machine::i_registeredInit())}, preserve=false aResultDetail=0
00:00:00.659618 nspr-4   ERROR [COM]: aRC=NS_ERROR_FAILURE (0x80004005) aIID={300763af-5d6b-46e6-aa96-273eac15538a} aComponent={MachineWrap} aText={Runtime error opening '/home/linh/VirtualBox VMs/Hortonworks Sandbox HDP 2.6.5/Hortonworks Sandbox HDP 2.6.5.vbox' for reading VERR_FILE_NOT_FOUND (File not found.).
00:00:00.659619 nspr-4   /build/reproducible-path/virtualbox-7.0.20-dfsg/src/VBox/Main/src-server/MachineImpl.cpp[1011] (nsresult Machine::i_registeredInit())}, preserve=false aResultDetail=0
00:00:04.570017 nspr-3   ERROR [COM]: aRC=NS_ERROR_FAILURE (0x80004005) aIID={300763af-5d6b-46e6-aa96-273eac15538a} aComponent={MachineWrap} aText={Runtime error opening '/home/linh/VirtualBox VMs/Hortonworks Sandbox HDP 2.6.5/Hortonworks Sandbox HDP 2.6.5.vbox' for reading VERR_FILE_NOT_FOUND (File not found.).
00:00:04.570036 nspr-3   /build/reproducible-path/virtualbox-7.0.20-dfsg/src/VBox/Main/src-server/MachineImpl.cpp[1011] (nsresult Machine::i_registeredInit())}, preserve=false aResultDetail=0
00:00:05.688908 nspr-2   Saving settings file "/home/linh/.config/VirtualBox/VirtualBox.xml" with version "1.12-linux"
00:00:05.703720 nspr-2   Finished saving settings file "/home/linh/.config/VirtualBox/VirtualBox.xml"
00:00:05.711444 nspr-2   Saving settings file "/home/linh/.config/VirtualBox/VirtualBox.xml" with version "1.12-linux"
00:00:05.726529 nspr-2   Finished saving settings file "/home/linh/.config/VirtualBox/VirtualBox.xml"
00:00:13.074659 nspr-4   Loading settings file "/home/linh/SSD/Hortonworks Sandbox HDP 2.6.5 1/Hortonworks Sandbox HDP 2.6.5 1.vbox" with version "1.19-windows"
00:00:13.082895 nspr-4   ERROR [COM]: aRC=VBOX_E_OBJECT_NOT_FOUND (0x80bb0001) aIID={7682d5eb-f00e-44f1-8ca2-99d08b1cd607} aComponent={VirtualBoxWrap} aText={Could not find a registered machine with UUID {c3402507-6866-46ae-8c8d-380507446e59}}, preserve=false aResultDetail=0
00:00:13.084195 nspr-4   Saving settings file "/home/linh/.config/VirtualBox/VirtualBox.xml" with version "1.12-linux"
00:00:13.092925 nspr-4   Finished saving settings file "/home/linh/.config/VirtualBox/VirtualBox.xml"
00:00:13.118920 nspr-4   Saving settings file "/home/linh/.config/VirtualBox/VirtualBox.xml" with version "1.12-linux"
00:00:13.127351 nspr-4   Finished saving settings file "/home/linh/.config/VirtualBox/VirtualBox.xml"
00:00:13.489439 nspr-3   WARNING [COM]: aRC=NS_ERROR_FAILURE (0x80004005) aIID={e54f6256-97a7-4947-8a78-10c013ddf4b8} aComponent={HostWrap} aText={VirtualBox is not currently allowed to access USB devices.  You can change this by adding your user to the 'vboxusers' group.  Please see the user manual for a more detailed explanation}, preserve=true aResultDetail=0
00:00:13.521214 nspr-3   ERROR [COM]: aRC=VBOX_E_INVALID_VM_STATE (0x80bb0002) aIID={300763af-5d6b-46e6-aa96-273eac15538a} aComponent={MachineWrap} aText={The machine is not mutable (state is PoweredOff)}, preserve=false aResultDetail=0
00:00:13.578710 nspr-5   WARNING [COM]: aRC=NS_ERROR_FAILURE (0x80004005) aIID={e54f6256-97a7-4947-8a78-10c013ddf4b8} aComponent={HostWrap} aText={VirtualBox is not currently allowed to access USB devices.  You can change this by adding your user to the 'vboxusers' group.  Please see the user manual for a more detailed explanation}, preserve=true aResultDetail=0
00:00:13.579018 nspr-5   WARNING [COM]: aRC=NS_ERROR_FAILURE (0x80004005) aIID={e54f6256-97a7-4947-8a78-10c013ddf4b8} aComponent={HostWrap} aText={VirtualBox is not currently allowed to access USB devices.  You can change this by adding your user to the 'vboxusers' group.  Please see the user manual for a more detailed explanation}, preserve=true aResultDetail=0
00:00:17.530109 nspr-5   Loading settings file "/home/linh/SSD/Hortonworks Sandbox HDP 3.0/Hortonworks Sandbox HDP 3.0.vbox" with version "1.19-windows"
00:00:17.531044 nspr-5   ERROR [COM]: aRC=VBOX_E_OBJECT_NOT_FOUND (0x80bb0001) aIID={7682d5eb-f00e-44f1-8ca2-99d08b1cd607} aComponent={VirtualBoxWrap} aText={Could not find a registered machine with UUID {f37bb5d0-316e-4e1d-919c-5368c346e181}}, preserve=false aResultDetail=0
00:00:17.531965 nspr-5   Saving settings file "/home/linh/.config/VirtualBox/VirtualBox.xml" with version "1.12-linux"
00:00:17.544941 nspr-5   Finished saving settings file "/home/linh/.config/VirtualBox/VirtualBox.xml"
00:00:17.566744 nspr-2   Saving settings file "/home/linh/.config/VirtualBox/VirtualBox.xml" with version "1.12-linux"
00:00:17.579113 nspr-2   Finished saving settings file "/home/linh/.config/VirtualBox/VirtualBox.xml"
00:00:17.595673 nspr-3   WARNING [COM]: aRC=NS_ERROR_FAILURE (0x80004005) aIID={e54f6256-97a7-4947-8a78-10c013ddf4b8} aComponent={HostWrap} aText={VirtualBox is not currently allowed to access USB devices.  You can change this by adding your user to the 'vboxusers' group.  Please see the user manual for a more detailed explanation}, preserve=true aResultDetail=0
00:00:17.617950 nspr-3   ERROR [COM]: aRC=VBOX_E_INVALID_VM_STATE (0x80bb0002) aIID={300763af-5d6b-46e6-aa96-273eac15538a} aComponent={MachineWrap} aText={The machine is not mutable (state is PoweredOff)}, preserve=false aResultDetail=0
00:00:17.627352 nspr-4   WARNING [COM]: aRC=NS_ERROR_FAILURE (0x80004005) aIID={e54f6256-97a7-4947-8a78-10c013ddf4b8} aComponent={HostWrap} aText={VirtualBox is not currently allowed to access USB devices.  You can change this by adding your user to the 'vboxusers' group.  Please see the user manual for a more detailed explanation}, preserve=true aResultDetail=0
00:00:17.627977 nspr-4   WARNING [COM]: aRC=NS_ERROR_FAILURE (0x80004005) aIID={e54f6256-97a7-4947-8a78-10c013ddf4b8} aComponent={HostWrap} aText={VirtualBox is not currently allowed to access USB devices.  You can change this by adding your user to the 'vboxusers' group.  Please see the user manual for a more detailed explanation}, preserve=true aResultDetail=0
00:00:20.554143 nspr-5   Saving settings file "/home/linh/.config/VirtualBox/VirtualBox.xml" with version "1.12-linux"
00:00:20.618172 nspr-5   Finished saving settings file "/home/linh/.config/VirtualBox/VirtualBox.xml"
00:00:21.411961 nspr-2   Saving settings file "/home/linh/.config/VirtualBox/VirtualBox.xml" with version "1.12-linux"
00:00:21.426276 nspr-2   Finished saving settings file "/home/linh/.config/VirtualBox/VirtualBox.xml"
00:00:21.430275 nspr-5   WARNING [COM]: aRC=NS_ERROR_FAILURE (0x80004005) aIID={e54f6256-97a7-4947-8a78-10c013ddf4b8} aComponent={HostWrap} aText={VirtualBox is not currently allowed to access USB devices.  You can change this by adding your user to the 'vboxusers' group.  Please see the user manual for a more detailed explanation}, preserve=true aResultDetail=0
00:00:21.449437 nspr-5   ERROR [COM]: aRC=VBOX_E_INVALID_VM_STATE (0x80bb0002) aIID={300763af-5d6b-46e6-aa96-273eac15538a} aComponent={MachineWrap} aText={The machine is not mutable (state is PoweredOff)}, preserve=false aResultDetail=0
00:00:21.467810 nspr-4   WARNING [COM]: aRC=NS_ERROR_FAILURE (0x80004005) aIID={e54f6256-97a7-4947-8a78-10c013ddf4b8} aComponent={HostWrap} aText={VirtualBox is not currently allowed to access USB devices.  You can change this by adding your user to the 'vboxusers' group.  Please see the user manual for a more detailed explanation}, preserve=true aResultDetail=0
00:00:21.468803 nspr-4   WARNING [COM]: aRC=NS_ERROR_FAILURE (0x80004005) aIID={e54f6256-97a7-4947-8a78-10c013ddf4b8} aComponent={HostWrap} aText={VirtualBox is not currently allowed to access USB devices.  You can change this by adding your user to the 'vboxusers' group.  Please see the user manual for a more detailed explanation}, preserve=true aResultDetail=0
00:00:22.902670 nspr-3   Launched VM: 1073749648 pid: 192457 (0x2efc9) frontend: GUI/Qt name: Hortonworks Sandbox HDP 2.6.5 1
00:00:22.928905 nspr-4   ERROR [COM]: aRC=VBOX_E_INVALID_VM_STATE (0x80bb0002) aIID={300763af-5d6b-46e6-aa96-273eac15538a} aComponent={MachineWrap} aText={The machine is not mutable (state is PoweredOff)}, preserve=false aResultDetail=0
00:00:22.936110 nspr-2   WARNING [COM]: aRC=NS_ERROR_FAILURE (0x80004005) aIID={e54f6256-97a7-4947-8a78-10c013ddf4b8} aComponent={HostWrap} aText={VirtualBox is not currently allowed to access USB devices.  You can change this by adding your user to the 'vboxusers' group.  Please see the user manual for a more detailed explanation}, preserve=true aResultDetail=0
00:00:22.936401 nspr-2   WARNING [COM]: aRC=NS_ERROR_FAILURE (0x80004005) aIID={e54f6256-97a7-4947-8a78-10c013ddf4b8} aComponent={HostWrap} aText={VirtualBox is not currently allowed to access USB devices.  You can change this by adding your user to the 'vboxusers' group.  Please see the user manual for a more detailed explanation}, preserve=true aResultDetail=0
00:00:23.168926 nspr-8   ERROR [COM]: aRC=VBOX_E_INVALID_VM_STATE (0x80bb0002) aIID={300763af-5d6b-46e6-aa96-273eac15538a} aComponent={MachineWrap} aText={The machine is not mutable (state is PoweredOff)}, preserve=false aResultDetail=0
00:00:23.181161 nspr-5   WARNING [COM]: aRC=NS_ERROR_FAILURE (0x80004005) aIID={e54f6256-97a7-4947-8a78-10c013ddf4b8} aComponent={HostWrap} aText={VirtualBox is not currently allowed to access USB devices.  You can change this by adding your user to the 'vboxusers' group.  Please see the user manual for a more detailed explanation}, preserve=true aResultDetail=0
00:00:23.181468 nspr-5   WARNING [COM]: aRC=NS_ERROR_FAILURE (0x80004005) aIID={e54f6256-97a7-4947-8a78-10c013ddf4b8} aComponent={HostWrap} aText={VirtualBox is not currently allowed to access USB devices.  You can change this by adding your user to the 'vboxusers' group.  Please see the user manual for a more detailed explanation}, preserve=true aResultDetail=0
00:00:23.416317 nspr-8   WARNING [COM]: aRC=NS_ERROR_FAILURE (0x80004005) aIID={e54f6256-97a7-4947-8a78-10c013ddf4b8} aComponent={HostWrap} aText={VirtualBox is not currently allowed to access USB devices.  You can change this by adding your user to the 'vboxusers' group.  Please see the user manual for a more detailed explanation}, preserve=true aResultDetail=0
00:00:23.416589 nspr-5   WARNING [COM]: aRC=NS_ERROR_FAILURE (0x80004005) aIID={e54f6256-97a7-4947-8a78-10c013ddf4b8} aComponent={HostWrap} aText={VirtualBox is not currently allowed to access USB devices.  You can change this by adding your user to the 'vboxusers' group.  Please see the user manual for a more detailed explanation}, preserve=true aResultDetail=0
00:00:23.416696 nspr-5   ERROR [COM]: aRC=VBOX_E_OBJECT_NOT_FOUND (0x80bb0001) aIID={70401eef-c8e9-466b-9660-45cb3e9979e4} aComponent={ExtPackManagerWrap} aText={No extension pack by the name 'Oracle VM VirtualBox Extension Pack' was found}, preserve=false aResultDetail=0
00:00:23.433815 nspr-5   WARNING [COM]: aRC=NS_ERROR_FAILURE (0x80004005) aIID={e54f6256-97a7-4947-8a78-10c013ddf4b8} aComponent={HostWrap} aText={VirtualBox is not currently allowed to access USB devices.  You can change this by adding your user to the 'vboxusers' group.  Please see the user manual for a more detailed explanation}, preserve=true aResultDetail=0
00:00:23.434211 nspr-4   WARNING [COM]: aRC=NS_ERROR_FAILURE (0x80004005) aIID={e54f6256-97a7-4947-8a78-10c013ddf4b8} aComponent={HostWrap} aText={VirtualBox is not currently allowed to access USB devices.  You can change this by adding your user to the 'vboxusers' group.  Please see the user manual for a more detailed explanation}, preserve=true aResultDetail=0
00:00:23.442819 nspr-4   ERROR [COM]: aRC=VBOX_E_IPRT_ERROR (0x80bb0005) aIID={300763af-5d6b-46e6-aa96-273eac15538a} aComponent={SessionMachine} aText={Saved screenshot data is not available (VERR_NOT_SUPPORTED)}, preserve=false aResultDetail=-37
00:00:23.458537 nspr-5   WARNING [COM]: aRC=NS_ERROR_FAILURE (0x80004005) aIID={e54f6256-97a7-4947-8a78-10c013ddf4b8} aComponent={HostWrap} aText={VirtualBox is not currently allowed to access USB devices.  You can change this by adding your user to the 'vboxusers' group.  Please see the user manual for a more detailed explanation}, preserve=false aResultDetail=0
00:00:23.458793 nspr-4   WARNING [COM]: aRC=NS_ERROR_FAILURE (0x80004005) aIID={e54f6256-97a7-4947-8a78-10c013ddf4b8} aComponent={HostWrap} aText={VirtualBox is not currently allowed to access USB devices.  You can change this by adding your user to the 'vboxusers' group.  Please see the user manual for a more detailed explanation}, preserve=true aResultDetail=0
00:00:23.458846 nspr-4   WARNING [COM]: aRC=NS_ERROR_FAILURE (0x80004005) aIID={e54f6256-97a7-4947-8a78-10c013ddf4b8} aComponent={HostWrap} aText={VirtualBox is not currently allowed to access USB devices.  You can change this by adding your user to the 'vboxusers' group.  Please see the user manual for a more detailed explanation}, preserve=true aResultDetail=0
00:00:23.476600 nspr-5   WARNING [COM]: aRC=NS_ERROR_FAILURE (0x80004005) aIID={e54f6256-97a7-4947-8a78-10c013ddf4b8} aComponent={HostWrap} aText={VirtualBox is not currently allowed to access USB devices.  You can change this by adding your user to the 'vboxusers' group.  Please see the user manual for a more detailed explanation}, preserve=true aResultDetail=0
00:00:23.487377 nspr-5   ERROR [COM]: aRC=VBOX_E_INVALID_VM_STATE (0x80bb0002) aIID={300763af-5d6b-46e6-aa96-273eac15538a} aComponent={MachineWrap} aText={The machine is not mutable (state is Starting)}, preserve=false aResultDetail=0
00:00:23.492211 nspr-5   WARNING [COM]: aRC=NS_ERROR_FAILURE (0x80004005) aIID={e54f6256-97a7-4947-8a78-10c013ddf4b8} aComponent={HostWrap} aText={VirtualBox is not currently allowed to access USB devices.  You can change this by adding your user to the 'vboxusers' group.  Please see the user manual for a more detailed explanation}, preserve=true aResultDetail=0
00:00:23.505543 nspr-5   WARNING [COM]: aRC=NS_ERROR_FAILURE (0x80004005) aIID={e54f6256-97a7-4947-8a78-10c013ddf4b8} aComponent={HostWrap} aText={VirtualBox is not currently allowed to access USB devices.  You can change this by adding your user to the 'vboxusers' group.  Please see the user manual for a more detailed explanation}, preserve=true aResultDetail=0
00:00:23.506789 nspr-5   WARNING [COM]: aRC=NS_ERROR_FAILURE (0x80004005) aIID={e54f6256-97a7-4947-8a78-10c013ddf4b8} aComponent={HostWrap} aText={VirtualBox is not currently allowed to access USB devices.  You can change this by adding your user to the 'vboxusers' group.  Please see the user manual for a more detailed explanation}, preserve=true aResultDetail=0
00:00:23.753834 nspr-5   Saving settings file "/home/linh/SSD/Hortonworks Sandbox HDP 2.6.5 1/Hortonworks Sandbox HDP 2.6.5 1.vbox" with version "1.19-linux"
00:00:23.763986 nspr-5   Finished saving settings file "/home/linh/SSD/Hortonworks Sandbox HDP 2.6.5 1/Hortonworks Sandbox HDP 2.6.5 1.vbox"
00:00:23.769964 nspr-8   ERROR [COM]: aRC=VBOX_E_OBJECT_NOT_FOUND (0x80bb0001) aIID={ad47ad09-787b-44ab-b343-a082a3f2dfb1} aComponent={MediumWrap} aText={Property 'CRYPT/KeyId' does not exist}, preserve=false aResultDetail=0
00:00:23.789238 nspr-6   WARNING [COM]: aRC=NS_ERROR_FAILURE (0x80004005) aIID={e54f6256-97a7-4947-8a78-10c013ddf4b8} aComponent={HostWrap} aText={VirtualBox is not currently allowed to access USB devices.  You can change this by adding your user to the 'vboxusers' group.  Please see the user manual for a more detailed explanation}, preserve=true aResultDetail=0
00:00:23.794795 nspr-3   ERROR [COM]: aRC=VBOX_E_INVALID_VM_STATE (0x80bb0002) aIID={300763af-5d6b-46e6-aa96-273eac15538a} aComponent={MachineWrap} aText={The machine is not mutable (state is Running)}, preserve=false aResultDetail=0
00:00:23.801927 nspr-4   WARNING [COM]: aRC=NS_ERROR_FAILURE (0x80004005) aIID={e54f6256-97a7-4947-8a78-10c013ddf4b8} aComponent={HostWrap} aText={VirtualBox is not currently allowed to access USB devices.  You can change this by adding your user to the 'vboxusers' group.  Please see the user manual for a more detailed explanation}, preserve=true aResultDetail=0
00:00:23.802287 nspr-6   WARNING [COM]: aRC=NS_ERROR_FAILURE (0x80004005) aIID={e54f6256-97a7-4947-8a78-10c013ddf4b8} aComponent={HostWrap} aText={VirtualBox is not currently allowed to access USB devices.  You can change this by adding your user to the 'vboxusers' group.  Please see the user manual for a more detailed explanation}, preserve=true aResultDetail=0
00:00:27.326122 nspr-2   Saving settings file "/home/linh/SSD/Hortonworks Sandbox HDP 2.6.5 1/Hortonworks Sandbox HDP 2.6.5 1.vbox" with version "1.19-linux"
00:00:27.333460 nspr-2   Finished saving settings file "/home/linh/SSD/Hortonworks Sandbox HDP 2.6.5 1/Hortonworks Sandbox HDP 2.6.5 1.vbox"
00:00:27.338812 nspr-7   ERROR [COM]: aRC=VBOX_E_INVALID_VM_STATE (0x80bb0002) aIID={300763af-5d6b-46e6-aa96-273eac15538a} aComponent={MachineWrap} aText={The machine is not mutable (state is Running)}, preserve=false aResultDetail=0
00:00:27.344857 nspr-3   WARNING [COM]: aRC=NS_ERROR_FAILURE (0x80004005) aIID={e54f6256-97a7-4947-8a78-10c013ddf4b8} aComponent={HostWrap} aText={VirtualBox is not currently allowed to access USB devices.  You can change this by adding your user to the 'vboxusers' group.  Please see the user manual for a more detailed explanation}, preserve=true aResultDetail=0
00:00:27.345202 nspr-8   WARNING [COM]: aRC=NS_ERROR_FAILURE (0x80004005) aIID={e54f6256-97a7-4947-8a78-10c013ddf4b8} aComponent={HostWrap} aText={VirtualBox is not currently allowed to access USB devices.  You can change this by adding your user to the 'vboxusers' group.  Please see the user manual for a more detailed explanation}, preserve=true aResultDetail=0
